   ********************************************
   ***                                      ***
   ***             FoldX 4 (c)              ***
   ***                                      ***
   ***     code by the FoldX Consortium     ***
   ***                                      ***
   ***     Jesper Borg, Frederic Rousseau   ***
   ***    Joost Schymkowitz, Luis Serrano   ***
   ***    Peter Vanhee, Erik Verschueren    ***
   ***     Lies Baeten, Javier Delgado      ***
   ***       and Francois Stricher          ***
   *** and any other of the 9! permutations ***
   ***   based on an original concept by    ***
   ***   Raphael Guerois and Luis Serrano   ***
   ********************************************

1 models read: AF-P04156-F1-model_v4_Repair.pdb
Starting BuildModel
Reading GA245S;
Reading GA245T;
Reading GA245V;
Reading GA245W;
Reading GA245Y;
GA245S	Specified residue not found.
no mutations performed.
There was a problem in BuildModel
PROBLEM Specified residue not found: GA245S in C:\Users\Saanvi\Desktop\IBS_2_project\foldx_runs\prnp_ddg\batches\batch_00094\individual_list_batch_00094.txt
Cleaning BuildModel...DONE


STDERR
