   ********************************************
   ***                                      ***
   ***             FoldX 4 (c)              ***
   ***                                      ***
   ***     code by the FoldX Consortium     ***
   ***                                      ***
   ***     Jesper Borg, Frederic Rousseau   ***
   ***    Joost Schymkowitz, Luis Serrano   ***
   ***    Peter Vanhee, Erik Verschueren    ***
   ***     Lies Baeten, Javier Delgado      ***
   ***       and Francois Stricher          ***
   *** and any other of the 9! permutations ***
   ***   based on an original concept by    ***
   ***   Raphael Guerois and Luis Serrano   ***
   ********************************************

1 models read: AF-P04156-F1-model_v4_Repair.pdb
Starting BuildModel
Reading VA129M;
Reading VA129N;
Reading VA129P;
Reading VA129Q;
Reading VA129R;
Reading VA129S;
Reading VA129T;
Reading VA129W;
Reading VA129Y;
Reading LA130A;
VA129M	Specified residue not found.
no mutations performed.
There was a problem in BuildModel
PROBLEM Specified residue not found: VA129M in C:\Users\Saanvi\Desktop\IBS_2_project\foldx_runs\prnp_ddg_structpos_retry1\batches\batch_00010\individual_list_batch_00010.txt
Cleaning BuildModel...DONE


STDERR
